2024-05-13 08:18:57 - mLYmkiG_i7CKLqF8EdHXC - error: uncaughtException: listen EADDRINUSE: address already in use :::3002
Error: listen EADDRINUSE: address already in use :::3002
    at Server.setupListenHandle (node:net:1733:16)
    at Server._listen2 (/home/ditsdev125/Desktop/Ecomm_Website_for_Book_Shopping/store/node_modules/async-listener/index.js:97:23)
    at listenInCluster (node:net:1781:12)
    at Server.listen (node:net:1869:7)
    at Function.listen (/home/ditsdev125/Desktop/Ecomm_Website_for_Book_Shopping/store/node_modules/express/lib/application.js:635:24)
    at Object.<anonymous> (/home/ditsdev125/Desktop/Ecomm_Website_for_Book_Shopping/store/index.ts:32:5)
    at Module._compile (node:internal/modules/cjs/loader:1218:14)
    at Module.m._compile (/home/ditsdev125/Desktop/Ecomm_Website_for_Book_Shopping/store/node_modules/ts-node/src/index.ts:1618:23)
    at Module._extensions..js (node:internal/modules/cjs/loader:1272:10)
    at Object.require.extensions.<computed> [as .ts] (/home/ditsdev125/Desktop/Ecomm_Website_for_Book_Shopping/store/node_modules/ts-node/src/index.ts:1621:12) {
  "error": {
    "code": "EADDRINUSE",
    "errno": -98,
    "syscall": "listen",
    "address": "::",
    "port": 3002
  },
  "stack": "Error: listen EADDRINUSE: address already in use :::3002\n    at Server.setupListenHandle (node:net:1733:16)\n    at Server._listen2 (/home/ditsdev125/Desktop/Ecomm_Website_for_Book_Shopping/store/node_modules/async-listener/index.js:97:23)\n    at listenInCluster (node:net:1781:12)\n    at Server.listen (node:net:1869:7)\n    at Function.listen (/home/ditsdev125/Desktop/Ecomm_Website_for_Book_Shopping/store/node_modules/express/lib/application.js:635:24)\n    at Object.<anonymous> (/home/ditsdev125/Desktop/Ecomm_Website_for_Book_Shopping/store/index.ts:32:5)\n    at Module._compile (node:internal/modules/cjs/loader:1218:14)\n    at Module.m._compile (/home/ditsdev125/Desktop/Ecomm_Website_for_Book_Shopping/store/node_modules/ts-node/src/index.ts:1618:23)\n    at Module._extensions..js (node:internal/modules/cjs/loader:1272:10)\n    at Object.require.extensions.<computed> [as .ts] (/home/ditsdev125/Desktop/Ecomm_Website_for_Book_Shopping/store/node_modules/ts-node/src/index.ts:1621:12)",
  "exception": true,
  "date": "Mon May 13 2024 13:48:57 GMT+0530 (India Standard Time)",
  "process": {
    "pid": 85793,
    "uid": 1000,
    "gid": 1000,
    "cwd": "/home/ditsdev125/Desktop/Ecomm_Website_for_Book_Shopping/store",
    "execPath": "/home/ditsdev125/.nvm/versions/node/v18.13.0/bin/node",
    "version": "v18.13.0",
    "argv": [
      "/home/ditsdev125/Desktop/Ecomm_Website_for_Book_Shopping/store/node_modules/.bin/ts-node",
      "/home/ditsdev125/Desktop/Ecomm_Website_for_Book_Shopping/store/index.ts"
    ],
    "memoryUsage": {
      "rss": 389881856,
      "heapTotal": 293380096,
      "heapUsed": 269657160,
      "external": 21798897,
      "arrayBuffers": 20294962
    }
  },
  "os": {
    "loadavg": [
      2.59,
      1.72,
      1.32
    ],
    "uptime": 52011.83
  },
  "trace": [
    {
      "column": 16,
      "file": "node:net",
      "function": "Server.setupListenHandle",
      "line": 1733,
      "method": "setupListenHandle",
      "native": false
    },
    {
      "column": 23,
      "file": "/home/ditsdev125/Desktop/Ecomm_Website_for_Book_Shopping/store/node_modules/async-listener/index.js",
      "function": "Server._listen2",
      "line": 97,
      "method": "_listen2",
      "native": false
    },
    {
      "column": 12,
      "file": "node:net",
      "function": "listenInCluster",
      "line": 1781,
      "method": null,
      "native": false
    },
    {
      "column": 7,
      "file": "node:net",
      "function": "Server.listen",
      "line": 1869,
      "method": "listen",
      "native": false
    },
    {
      "column": 24,
      "file": "/home/ditsdev125/Desktop/Ecomm_Website_for_Book_Shopping/store/node_modules/express/lib/application.js",
      "function": "Function.listen",
      "line": 635,
      "method": "listen",
      "native": false
    },
    {
      "column": 5,
      "file": "/home/ditsdev125/Desktop/Ecomm_Website_for_Book_Shopping/store/index.ts",
      "function": null,
      "line": 32,
      "method": null,
      "native": false
    },
    {
      "column": 14,
      "file": "node:internal/modules/cjs/loader",
      "function": "Module._compile",
      "line": 1218,
      "method": "_compile",
      "native": false
    },
    {
      "column": 23,
      "file": "/home/ditsdev125/Desktop/Ecomm_Website_for_Book_Shopping/store/node_modules/ts-node/src/index.ts",
      "function": "Module.m._compile",
      "line": 1618,
      "method": "_compile",
      "native": false
    },
    {
      "column": 10,
      "file": "node:internal/modules/cjs/loader",
      "function": "Module._extensions..js",
      "line": 1272,
      "method": ".js",
      "native": false
    },
    {
      "column": 12,
      "file": "/home/ditsdev125/Desktop/Ecomm_Website_for_Book_Shopping/store/node_modules/ts-node/src/index.ts",
      "function": "Object.require.extensions.<computed> [as .ts]",
      "line": 1621,
      "method": "ts]",
      "native": false
    }
  ]
}
2024-05-13 08:19:43 - DH_0948EncSTSjuyZF7r3 - error: uncaughtException: listen EADDRINUSE: address already in use :::3002
Error: listen EADDRINUSE: address already in use :::3002
    at Server.setupListenHandle (node:net:1733:16)
    at Server._listen2 (/home/ditsdev125/Desktop/Ecomm_Website_for_Book_Shopping/store/node_modules/async-listener/index.js:97:23)
    at listenInCluster (node:net:1781:12)
    at Server.listen (node:net:1869:7)
    at Function.listen (/home/ditsdev125/Desktop/Ecomm_Website_for_Book_Shopping/store/node_modules/express/lib/application.js:635:24)
    at Object.<anonymous> (/home/ditsdev125/Desktop/Ecomm_Website_for_Book_Shopping/store/index.ts:32:5)
    at Module._compile (node:internal/modules/cjs/loader:1218:14)
    at Module.m._compile (/home/ditsdev125/Desktop/Ecomm_Website_for_Book_Shopping/store/node_modules/ts-node/src/index.ts:1618:23)
    at Module._extensions..js (node:internal/modules/cjs/loader:1272:10)
    at Object.require.extensions.<computed> [as .ts] (/home/ditsdev125/Desktop/Ecomm_Website_for_Book_Shopping/store/node_modules/ts-node/src/index.ts:1621:12) {
  "error": {
    "code": "EADDRINUSE",
    "errno": -98,
    "syscall": "listen",
    "address": "::",
    "port": 3002
  },
  "stack": "Error: listen EADDRINUSE: address already in use :::3002\n    at Server.setupListenHandle (node:net:1733:16)\n    at Server._listen2 (/home/ditsdev125/Desktop/Ecomm_Website_for_Book_Shopping/store/node_modules/async-listener/index.js:97:23)\n    at listenInCluster (node:net:1781:12)\n    at Server.listen (node:net:1869:7)\n    at Function.listen (/home/ditsdev125/Desktop/Ecomm_Website_for_Book_Shopping/store/node_modules/express/lib/application.js:635:24)\n    at Object.<anonymous> (/home/ditsdev125/Desktop/Ecomm_Website_for_Book_Shopping/store/index.ts:32:5)\n    at Module._compile (node:internal/modules/cjs/loader:1218:14)\n    at Module.m._compile (/home/ditsdev125/Desktop/Ecomm_Website_for_Book_Shopping/store/node_modules/ts-node/src/index.ts:1618:23)\n    at Module._extensions..js (node:internal/modules/cjs/loader:1272:10)\n    at Object.require.extensions.<computed> [as .ts] (/home/ditsdev125/Desktop/Ecomm_Website_for_Book_Shopping/store/node_modules/ts-node/src/index.ts:1621:12)",
  "exception": true,
  "date": "Mon May 13 2024 13:49:43 GMT+0530 (India Standard Time)",
  "process": {
    "pid": 86324,
    "uid": 1000,
    "gid": 1000,
    "cwd": "/home/ditsdev125/Desktop/Ecomm_Website_for_Book_Shopping/store",
    "execPath": "/home/ditsdev125/.nvm/versions/node/v18.13.0/bin/node",
    "version": "v18.13.0",
    "argv": [
      "/home/ditsdev125/Desktop/Ecomm_Website_for_Book_Shopping/store/node_modules/.bin/ts-node",
      "/home/ditsdev125/Desktop/Ecomm_Website_for_Book_Shopping/store/index.ts"
    ],
    "memoryUsage": {
      "rss": 390762496,
      "heapTotal": 293642240,
      "heapUsed": 269408320,
      "external": 21794126,
      "arrayBuffers": 20290191
    }
  },
  "os": {
    "loadavg": [
      2.03,
      1.69,
      1.33
    ],
    "uptime": 52058.09
  },
  "trace": [
    {
      "column": 16,
      "file": "node:net",
      "function": "Server.setupListenHandle",
      "line": 1733,
      "method": "setupListenHandle",
      "native": false
    },
    {
      "column": 23,
      "file": "/home/ditsdev125/Desktop/Ecomm_Website_for_Book_Shopping/store/node_modules/async-listener/index.js",
      "function": "Server._listen2",
      "line": 97,
      "method": "_listen2",
      "native": false
    },
    {
      "column": 12,
      "file": "node:net",
      "function": "listenInCluster",
      "line": 1781,
      "method": null,
      "native": false
    },
    {
      "column": 7,
      "file": "node:net",
      "function": "Server.listen",
      "line": 1869,
      "method": "listen",
      "native": false
    },
    {
      "column": 24,
      "file": "/home/ditsdev125/Desktop/Ecomm_Website_for_Book_Shopping/store/node_modules/express/lib/application.js",
      "function": "Function.listen",
      "line": 635,
      "method": "listen",
      "native": false
    },
    {
      "column": 5,
      "file": "/home/ditsdev125/Desktop/Ecomm_Website_for_Book_Shopping/store/index.ts",
      "function": null,
      "line": 32,
      "method": null,
      "native": false
    },
    {
      "column": 14,
      "file": "node:internal/modules/cjs/loader",
      "function": "Module._compile",
      "line": 1218,
      "method": "_compile",
      "native": false
    },
    {
      "column": 23,
      "file": "/home/ditsdev125/Desktop/Ecomm_Website_for_Book_Shopping/store/node_modules/ts-node/src/index.ts",
      "function": "Module.m._compile",
      "line": 1618,
      "method": "_compile",
      "native": false
    },
    {
      "column": 10,
      "file": "node:internal/modules/cjs/loader",
      "function": "Module._extensions..js",
      "line": 1272,
      "method": ".js",
      "native": false
    },
    {
      "column": 12,
      "file": "/home/ditsdev125/Desktop/Ecomm_Website_for_Book_Shopping/store/node_modules/ts-node/src/index.ts",
      "function": "Object.require.extensions.<computed> [as .ts]",
      "line": 1621,
      "method": "ts]",
      "native": false
    }
  ]
}
2024-05-13 08:21:32 - Hubrz5nt5UEBdlKisvsbr - error: uncaughtException: listen EADDRINUSE: address already in use :::3002
Error: listen EADDRINUSE: address already in use :::3002
    at Server.setupListenHandle (node:net:1733:16)
    at Server._listen2 (/home/ditsdev125/Desktop/Ecomm_Website_for_Book_Shopping/store/node_modules/async-listener/index.js:97:23)
    at listenInCluster (node:net:1781:12)
    at Server.listen (node:net:1869:7)
    at Function.listen (/home/ditsdev125/Desktop/Ecomm_Website_for_Book_Shopping/store/node_modules/express/lib/application.js:635:24)
    at Object.<anonymous> (/home/ditsdev125/Desktop/Ecomm_Website_for_Book_Shopping/store/index.ts:32:5)
    at Module._compile (node:internal/modules/cjs/loader:1218:14)
    at Module.m._compile (/home/ditsdev125/Desktop/Ecomm_Website_for_Book_Shopping/store/node_modules/ts-node/src/index.ts:1618:23)
    at Module._extensions..js (node:internal/modules/cjs/loader:1272:10)
    at Object.require.extensions.<computed> [as .ts] (/home/ditsdev125/Desktop/Ecomm_Website_for_Book_Shopping/store/node_modules/ts-node/src/index.ts:1621:12) {
  "error": {
    "code": "EADDRINUSE",
    "errno": -98,
    "syscall": "listen",
    "address": "::",
    "port": 3002
  },
  "stack": "Error: listen EADDRINUSE: address already in use :::3002\n    at Server.setupListenHandle (node:net:1733:16)\n    at Server._listen2 (/home/ditsdev125/Desktop/Ecomm_Website_for_Book_Shopping/store/node_modules/async-listener/index.js:97:23)\n    at listenInCluster (node:net:1781:12)\n    at Server.listen (node:net:1869:7)\n    at Function.listen (/home/ditsdev125/Desktop/Ecomm_Website_for_Book_Shopping/store/node_modules/express/lib/application.js:635:24)\n    at Object.<anonymous> (/home/ditsdev125/Desktop/Ecomm_Website_for_Book_Shopping/store/index.ts:32:5)\n    at Module._compile (node:internal/modules/cjs/loader:1218:14)\n    at Module.m._compile (/home/ditsdev125/Desktop/Ecomm_Website_for_Book_Shopping/store/node_modules/ts-node/src/index.ts:1618:23)\n    at Module._extensions..js (node:internal/modules/cjs/loader:1272:10)\n    at Object.require.extensions.<computed> [as .ts] (/home/ditsdev125/Desktop/Ecomm_Website_for_Book_Shopping/store/node_modules/ts-node/src/index.ts:1621:12)",
  "exception": true,
  "date": "Mon May 13 2024 13:51:32 GMT+0530 (India Standard Time)",
  "process": {
    "pid": 86935,
    "uid": 1000,
    "gid": 1000,
    "cwd": "/home/ditsdev125/Desktop/Ecomm_Website_for_Book_Shopping/store",
    "execPath": "/home/ditsdev125/.nvm/versions/node/v18.13.0/bin/node",
    "version": "v18.13.0",
    "argv": [
      "/home/ditsdev125/Desktop/Ecomm_Website_for_Book_Shopping/store/node_modules/.bin/ts-node",
      "/home/ditsdev125/Desktop/Ecomm_Website_for_Book_Shopping/store/index.ts"
    ],
    "memoryUsage": {
      "rss": 387010560,
      "heapTotal": 292110336,
      "heapUsed": 265994736,
      "external": 22154995,
      "arrayBuffers": 20651060
    }
  },
  "os": {
    "loadavg": [
      1.34,
      1.51,
      1.3
    ],
    "uptime": 52167.36
  },
  "trace": [
    {
      "column": 16,
      "file": "node:net",
      "function": "Server.setupListenHandle",
      "line": 1733,
      "method": "setupListenHandle",
      "native": false
    },
    {
      "column": 23,
      "file": "/home/ditsdev125/Desktop/Ecomm_Website_for_Book_Shopping/store/node_modules/async-listener/index.js",
      "function": "Server._listen2",
      "line": 97,
      "method": "_listen2",
      "native": false
    },
    {
      "column": 12,
      "file": "node:net",
      "function": "listenInCluster",
      "line": 1781,
      "method": null,
      "native": false
    },
    {
      "column": 7,
      "file": "node:net",
      "function": "Server.listen",
      "line": 1869,
      "method": "listen",
      "native": false
    },
    {
      "column": 24,
      "file": "/home/ditsdev125/Desktop/Ecomm_Website_for_Book_Shopping/store/node_modules/express/lib/application.js",
      "function": "Function.listen",
      "line": 635,
      "method": "listen",
      "native": false
    },
    {
      "column": 5,
      "file": "/home/ditsdev125/Desktop/Ecomm_Website_for_Book_Shopping/store/index.ts",
      "function": null,
      "line": 32,
      "method": null,
      "native": false
    },
    {
      "column": 14,
      "file": "node:internal/modules/cjs/loader",
      "function": "Module._compile",
      "line": 1218,
      "method": "_compile",
      "native": false
    },
    {
      "column": 23,
      "file": "/home/ditsdev125/Desktop/Ecomm_Website_for_Book_Shopping/store/node_modules/ts-node/src/index.ts",
      "function": "Module.m._compile",
      "line": 1618,
      "method": "_compile",
      "native": false
    },
    {
      "column": 10,
      "file": "node:internal/modules/cjs/loader",
      "function": "Module._extensions..js",
      "line": 1272,
      "method": ".js",
      "native": false
    },
    {
      "column": 12,
      "file": "/home/ditsdev125/Desktop/Ecomm_Website_for_Book_Shopping/store/node_modules/ts-node/src/index.ts",
      "function": "Object.require.extensions.<computed> [as .ts]",
      "line": 1621,
      "method": "ts]",
      "native": false
    }
  ]
}
