2024-05-13 08:18:16 - KnkIaKWr8jHWIt0ZYSsi8 - error: uncaughtException: write EIO
Error: write EIO
    at afterWriteDispatched (node:internal/stream_base_commons:160:15)
    at writeGeneric (node:internal/stream_base_commons:151:3)
    at WriteStream.Socket._writeGeneric (node:net:923:11)
    at WriteStream.Socket._write (node:net:935:8)
    at writeOrBuffer (node:internal/streams/writable:392:12)
    at _write (node:internal/streams/writable:333:10)
    at WriteStream.Writable.write (node:internal/streams/writable:337:10)
    at console.value (node:internal/console/constructor:300:16)
    at console.warn (node:internal/console/constructor:382:26)
    at writeOut (node:internal/process/warning:60:3)
    at process.onWarning (node:internal/process/warning:123:3)
    at process.emit (node:events:513:28)
    at process.emit (node:domain:489:12)
    at process.emit.sharedData.processEmitHook.installedValue [as emit] (/home/ditsdev125/Desktop/Ecomm_Website_for_Book_Shopping/products/node_modules/@cspotcode/source-map-support/source-map-support.js:745:40)
    at doEmitWarning (node:internal/process/warning:89:11)
    at processTicksAndRejections (node:internal/process/task_queues:81:21) {
  "error": {
    "errno": -5,
    "code": "EIO",
    "syscall": "write"
  },
  "stack": "Error: write EIO\n    at afterWriteDispatched (node:internal/stream_base_commons:160:15)\n    at writeGeneric (node:internal/stream_base_commons:151:3)\n    at WriteStream.Socket._writeGeneric (node:net:923:11)\n    at WriteStream.Socket._write (node:net:935:8)\n    at writeOrBuffer (node:internal/streams/writable:392:12)\n    at _write (node:internal/streams/writable:333:10)\n    at WriteStream.Writable.write (node:internal/streams/writable:337:10)\n    at console.value (node:internal/console/constructor:300:16)\n    at console.warn (node:internal/console/constructor:382:26)\n    at writeOut (node:internal/process/warning:60:3)\n    at process.onWarning (node:internal/process/warning:123:3)\n    at process.emit (node:events:513:28)\n    at process.emit (node:domain:489:12)\n    at process.emit.sharedData.processEmitHook.installedValue [as emit] (/home/ditsdev125/Desktop/Ecomm_Website_for_Book_Shopping/products/node_modules/@cspotcode/source-map-support/source-map-support.js:745:40)\n    at doEmitWarning (node:internal/process/warning:89:11)\n    at processTicksAndRejections (node:internal/process/task_queues:81:21)",
  "exception": true,
  "date": "Mon May 13 2024 13:48:16 GMT+0530 (India Standard Time)",
  "process": {
    "pid": 84572,
    "uid": 1000,
    "gid": 1000,
    "cwd": "/home/ditsdev125/Desktop/Ecomm_Website_for_Book_Shopping/products",
    "execPath": "/home/ditsdev125/.nvm/versions/node/v18.13.0/bin/node",
    "version": "v18.13.0",
    "argv": [
      "/home/ditsdev125/Desktop/Ecomm_Website_for_Book_Shopping/products/node_modules/.bin/ts-node",
      "/home/ditsdev125/Desktop/Ecomm_Website_for_Book_Shopping/products/index.ts"
    ],
    "memoryUsage": {
      "rss": 365117440,
      "heapTotal": 271286272,
      "heapUsed": 238706456,
      "external": 21376205,
      "arrayBuffers": 19872386
    }
  },
  "os": {
    "loadavg": [
      1.54,
      1.44,
      1.22
    ],
    "uptime": 51970.7
  },
  "trace": [
    {
      "column": 15,
      "file": "node:internal/stream_base_commons",
      "function": "afterWriteDispatched",
      "line": 160,
      "method": null,
      "native": false
    },
    {
      "column": 3,
      "file": "node:internal/stream_base_commons",
      "function": "writeGeneric",
      "line": 151,
      "method": null,
      "native": false
    },
    {
      "column": 11,
      "file": "node:net",
      "function": "WriteStream.Socket._writeGeneric",
      "line": 923,
      "method": "_writeGeneric",
      "native": false
    },
    {
      "column": 8,
      "file": "node:net",
      "function": "WriteStream.Socket._write",
      "line": 935,
      "method": "_write",
      "native": false
    },
    {
      "column": 12,
      "file": "node:internal/streams/writable",
      "function": "writeOrBuffer",
      "line": 392,
      "method": null,
      "native": false
    },
    {
      "column": 10,
      "file": "node:internal/streams/writable",
      "function": "_write",
      "line": 333,
      "method": null,
      "native": false
    },
    {
      "column": 10,
      "file": "node:internal/streams/writable",
      "function": "WriteStream.Writable.write",
      "line": 337,
      "method": "write",
      "native": false
    },
    {
      "column": 16,
      "file": "node:internal/console/constructor",
      "function": "console.value",
      "line": 300,
      "method": "value",
      "native": false
    },
    {
      "column": 26,
      "file": "node:internal/console/constructor",
      "function": "console.warn",
      "line": 382,
      "method": "warn",
      "native": false
    },
    {
      "column": 3,
      "file": "node:internal/process/warning",
      "function": "writeOut",
      "line": 60,
      "method": null,
      "native": false
    },
    {
      "column": 3,
      "file": "node:internal/process/warning",
      "function": "process.onWarning",
      "line": 123,
      "method": "onWarning",
      "native": false
    },
    {
      "column": 28,
      "file": "node:events",
      "function": "process.emit",
      "line": 513,
      "method": "emit",
      "native": false
    },
    {
      "column": 12,
      "file": "node:domain",
      "function": "process.emit",
      "line": 489,
      "method": "emit",
      "native": false
    },
    {
      "column": 40,
      "file": "/home/ditsdev125/Desktop/Ecomm_Website_for_Book_Shopping/products/node_modules/@cspotcode/source-map-support/source-map-support.js",
      "function": "process.emit.sharedData.processEmitHook.installedValue [as emit]",
      "line": 745,
      "method": "installedValue [as emit]",
      "native": false
    },
    {
      "column": 11,
      "file": "node:internal/process/warning",
      "function": "doEmitWarning",
      "line": 89,
      "method": null,
      "native": false
    },
    {
      "column": 21,
      "file": "node:internal/process/task_queues",
      "function": "processTicksAndRejections",
      "line": 81,
      "method": null,
      "native": false
    }
  ]
}
2024-05-13 08:18:16 - YAKSTmUG5USQJH-Wdq2ZK - error: uncaughtException: write EIO
Error: write EIO
    at afterWriteDispatched (node:internal/stream_base_commons:160:15)
    at writeGeneric (node:internal/stream_base_commons:151:3)
    at WriteStream.Socket._writeGeneric (node:net:923:11)
    at WriteStream.Socket._write (node:net:935:8)
    at writeOrBuffer (node:internal/streams/writable:392:12)
    at _write (node:internal/streams/writable:333:10)
    at WriteStream.Writable.write (node:internal/streams/writable:337:10)
    at console.value (node:internal/console/constructor:300:16)
    at console.log (node:internal/console/constructor:377:26)
    at /home/ditsdev125/Desktop/Ecomm_Website_for_Book_Shopping/products/src/config/db.config.ts:32:15
    at propagateAslWrapper (/home/ditsdev125/Desktop/Ecomm_Website_for_Book_Shopping/products/node_modules/async-listener/index.js:504:23)
    at /home/ditsdev125/Desktop/Ecomm_Website_for_Book_Shopping/products/node_modules/async-listener/index.js:541:70
    at processTicksAndRejections (node:internal/process/task_queues:95:5) {
  "error": {
    "errno": -5,
    "code": "EIO",
    "syscall": "write"
  },
  "stack": "Error: write EIO\n    at afterWriteDispatched (node:internal/stream_base_commons:160:15)\n    at writeGeneric (node:internal/stream_base_commons:151:3)\n    at WriteStream.Socket._writeGeneric (node:net:923:11)\n    at WriteStream.Socket._write (node:net:935:8)\n    at writeOrBuffer (node:internal/streams/writable:392:12)\n    at _write (node:internal/streams/writable:333:10)\n    at WriteStream.Writable.write (node:internal/streams/writable:337:10)\n    at console.value (node:internal/console/constructor:300:16)\n    at console.log (node:internal/console/constructor:377:26)\n    at /home/ditsdev125/Desktop/Ecomm_Website_for_Book_Shopping/products/src/config/db.config.ts:32:15\n    at propagateAslWrapper (/home/ditsdev125/Desktop/Ecomm_Website_for_Book_Shopping/products/node_modules/async-listener/index.js:504:23)\n    at /home/ditsdev125/Desktop/Ecomm_Website_for_Book_Shopping/products/node_modules/async-listener/index.js:541:70\n    at processTicksAndRejections (node:internal/process/task_queues:95:5)",
  "exception": true,
  "date": "Mon May 13 2024 13:48:16 GMT+0530 (India Standard Time)",
  "process": {
    "pid": 84572,
    "uid": 1000,
    "gid": 1000,
    "cwd": "/home/ditsdev125/Desktop/Ecomm_Website_for_Book_Shopping/products",
    "execPath": "/home/ditsdev125/.nvm/versions/node/v18.13.0/bin/node",
    "version": "v18.13.0",
    "argv": [
      "/home/ditsdev125/Desktop/Ecomm_Website_for_Book_Shopping/products/node_modules/.bin/ts-node",
      "/home/ditsdev125/Desktop/Ecomm_Website_for_Book_Shopping/products/index.ts"
    ],
    "memoryUsage": {
      "rss": 365117440,
      "heapTotal": 271548416,
      "heapUsed": 239427384,
      "external": 21413874,
      "arrayBuffers": 19910055
    }
  },
  "os": {
    "loadavg": [
      1.54,
      1.44,
      1.22
    ],
    "uptime": 51970.7
  },
  "trace": [
    {
      "column": 15,
      "file": "node:internal/stream_base_commons",
      "function": "afterWriteDispatched",
      "line": 160,
      "method": null,
      "native": false
    },
    {
      "column": 3,
      "file": "node:internal/stream_base_commons",
      "function": "writeGeneric",
      "line": 151,
      "method": null,
      "native": false
    },
    {
      "column": 11,
      "file": "node:net",
      "function": "WriteStream.Socket._writeGeneric",
      "line": 923,
      "method": "_writeGeneric",
      "native": false
    },
    {
      "column": 8,
      "file": "node:net",
      "function": "WriteStream.Socket._write",
      "line": 935,
      "method": "_write",
      "native": false
    },
    {
      "column": 12,
      "file": "node:internal/streams/writable",
      "function": "writeOrBuffer",
      "line": 392,
      "method": null,
      "native": false
    },
    {
      "column": 10,
      "file": "node:internal/streams/writable",
      "function": "_write",
      "line": 333,
      "method": null,
      "native": false
    },
    {
      "column": 10,
      "file": "node:internal/streams/writable",
      "function": "WriteStream.Writable.write",
      "line": 337,
      "method": "write",
      "native": false
    },
    {
      "column": 16,
      "file": "node:internal/console/constructor",
      "function": "console.value",
      "line": 300,
      "method": "value",
      "native": false
    },
    {
      "column": 26,
      "file": "node:internal/console/constructor",
      "function": "console.log",
      "line": 377,
      "method": "log",
      "native": false
    },
    {
      "column": 15,
      "file": "/home/ditsdev125/Desktop/Ecomm_Website_for_Book_Shopping/products/src/config/db.config.ts",
      "function": null,
      "line": 32,
      "method": null,
      "native": false
    },
    {
      "column": 23,
      "file": "/home/ditsdev125/Desktop/Ecomm_Website_for_Book_Shopping/products/node_modules/async-listener/index.js",
      "function": "propagateAslWrapper",
      "line": 504,
      "method": null,
      "native": false
    },
    {
      "column": 70,
      "file": "/home/ditsdev125/Desktop/Ecomm_Website_for_Book_Shopping/products/node_modules/async-listener/index.js",
      "function": null,
      "line": 541,
      "method": null,
      "native": false
    },
    {
      "column": 5,
      "file": "node:internal/process/task_queues",
      "function": "processTicksAndRejections",
      "line": 95,
      "method": null,
      "native": false
    }
  ]
}
2024-05-13 08:21:32 - Qe4f3nYm8yZRn4PD5_od5 - error: uncaughtException: write EIO
Error: write EIO
    at afterWriteDispatched (node:internal/stream_base_commons:160:15)
    at writeGeneric (node:internal/stream_base_commons:151:3)
    at WriteStream.Socket._writeGeneric (node:net:923:11)
    at WriteStream.Socket._write (node:net:935:8)
    at writeOrBuffer (node:internal/streams/writable:392:12)
    at _write (node:internal/streams/writable:333:10)
    at WriteStream.Writable.write (node:internal/streams/writable:337:10)
    at console.value (node:internal/console/constructor:300:16)
    at console.warn (node:internal/console/constructor:382:26)
    at writeOut (node:internal/process/warning:60:3)
    at process.onWarning (node:internal/process/warning:123:3)
    at process.emit (node:events:513:28)
    at process.emit (node:domain:489:12)
    at process.emit.sharedData.processEmitHook.installedValue [as emit] (/home/ditsdev125/Desktop/Ecomm_Website_for_Book_Shopping/products/node_modules/@cspotcode/source-map-support/source-map-support.js:745:40)
    at doEmitWarning (node:internal/process/warning:89:11)
    at processTicksAndRejections (node:internal/process/task_queues:81:21) {
  "error": {
    "errno": -5,
    "code": "EIO",
    "syscall": "write"
  },
  "stack": "Error: write EIO\n    at afterWriteDispatched (node:internal/stream_base_commons:160:15)\n    at writeGeneric (node:internal/stream_base_commons:151:3)\n    at WriteStream.Socket._writeGeneric (node:net:923:11)\n    at WriteStream.Socket._write (node:net:935:8)\n    at writeOrBuffer (node:internal/streams/writable:392:12)\n    at _write (node:internal/streams/writable:333:10)\n    at WriteStream.Writable.write (node:internal/streams/writable:337:10)\n    at console.value (node:internal/console/constructor:300:16)\n    at console.warn (node:internal/console/constructor:382:26)\n    at writeOut (node:internal/process/warning:60:3)\n    at process.onWarning (node:internal/process/warning:123:3)\n    at process.emit (node:events:513:28)\n    at process.emit (node:domain:489:12)\n    at process.emit.sharedData.processEmitHook.installedValue [as emit] (/home/ditsdev125/Desktop/Ecomm_Website_for_Book_Shopping/products/node_modules/@cspotcode/source-map-support/source-map-support.js:745:40)\n    at doEmitWarning (node:internal/process/warning:89:11)\n    at processTicksAndRejections (node:internal/process/task_queues:81:21)",
  "exception": true,
  "date": "Mon May 13 2024 13:51:32 GMT+0530 (India Standard Time)",
  "process": {
    "pid": 86945,
    "uid": 1000,
    "gid": 1000,
    "cwd": "/home/ditsdev125/Desktop/Ecomm_Website_for_Book_Shopping/products",
    "execPath": "/home/ditsdev125/.nvm/versions/node/v18.13.0/bin/node",
    "version": "v18.13.0",
    "argv": [
      "/home/ditsdev125/Desktop/Ecomm_Website_for_Book_Shopping/products/node_modules/.bin/ts-node",
      "/home/ditsdev125/Desktop/Ecomm_Website_for_Book_Shopping/products/index.ts"
    ],
    "memoryUsage": {
      "rss": 365797376,
      "heapTotal": 270761984,
      "heapUsed": 243173864,
      "external": 21800962,
      "arrayBuffers": 20297143
    }
  },
  "os": {
    "loadavg": [
      1.34,
      1.51,
      1.3
    ],
    "uptime": 52167.21
  },
  "trace": [
    {
      "column": 15,
      "file": "node:internal/stream_base_commons",
      "function": "afterWriteDispatched",
      "line": 160,
      "method": null,
      "native": false
    },
    {
      "column": 3,
      "file": "node:internal/stream_base_commons",
      "function": "writeGeneric",
      "line": 151,
      "method": null,
      "native": false
    },
    {
      "column": 11,
      "file": "node:net",
      "function": "WriteStream.Socket._writeGeneric",
      "line": 923,
      "method": "_writeGeneric",
      "native": false
    },
    {
      "column": 8,
      "file": "node:net",
      "function": "WriteStream.Socket._write",
      "line": 935,
      "method": "_write",
      "native": false
    },
    {
      "column": 12,
      "file": "node:internal/streams/writable",
      "function": "writeOrBuffer",
      "line": 392,
      "method": null,
      "native": false
    },
    {
      "column": 10,
      "file": "node:internal/streams/writable",
      "function": "_write",
      "line": 333,
      "method": null,
      "native": false
    },
    {
      "column": 10,
      "file": "node:internal/streams/writable",
      "function": "WriteStream.Writable.write",
      "line": 337,
      "method": "write",
      "native": false
    },
    {
      "column": 16,
      "file": "node:internal/console/constructor",
      "function": "console.value",
      "line": 300,
      "method": "value",
      "native": false
    },
    {
      "column": 26,
      "file": "node:internal/console/constructor",
      "function": "console.warn",
      "line": 382,
      "method": "warn",
      "native": false
    },
    {
      "column": 3,
      "file": "node:internal/process/warning",
      "function": "writeOut",
      "line": 60,
      "method": null,
      "native": false
    },
    {
      "column": 3,
      "file": "node:internal/process/warning",
      "function": "process.onWarning",
      "line": 123,
      "method": "onWarning",
      "native": false
    },
    {
      "column": 28,
      "file": "node:events",
      "function": "process.emit",
      "line": 513,
      "method": "emit",
      "native": false
    },
    {
      "column": 12,
      "file": "node:domain",
      "function": "process.emit",
      "line": 489,
      "method": "emit",
      "native": false
    },
    {
      "column": 40,
      "file": "/home/ditsdev125/Desktop/Ecomm_Website_for_Book_Shopping/products/node_modules/@cspotcode/source-map-support/source-map-support.js",
      "function": "process.emit.sharedData.processEmitHook.installedValue [as emit]",
      "line": 745,
      "method": "installedValue [as emit]",
      "native": false
    },
    {
      "column": 11,
      "file": "node:internal/process/warning",
      "function": "doEmitWarning",
      "line": 89,
      "method": null,
      "native": false
    },
    {
      "column": 21,
      "file": "node:internal/process/task_queues",
      "function": "processTicksAndRejections",
      "line": 81,
      "method": null,
      "native": false
    }
  ]
}
2024-05-13 08:21:32 - BD0sH0u_lmbcE4EpRJiuT - error: uncaughtException: write EIO
Error: write EIO
    at afterWriteDispatched (node:internal/stream_base_commons:160:15)
    at writeGeneric (node:internal/stream_base_commons:151:3)
    at WriteStream.Socket._writeGeneric (node:net:923:11)
    at WriteStream.Socket._write (node:net:935:8)
    at writeOrBuffer (node:internal/streams/writable:392:12)
    at _write (node:internal/streams/writable:333:10)
    at WriteStream.Writable.write (node:internal/streams/writable:337:10)
    at console.value (node:internal/console/constructor:300:16)
    at console.log (node:internal/console/constructor:377:26)
    at /home/ditsdev125/Desktop/Ecomm_Website_for_Book_Shopping/products/src/config/db.config.ts:32:15
    at propagateAslWrapper (/home/ditsdev125/Desktop/Ecomm_Website_for_Book_Shopping/products/node_modules/async-listener/index.js:504:23)
    at /home/ditsdev125/Desktop/Ecomm_Website_for_Book_Shopping/products/node_modules/async-listener/index.js:541:70
    at processTicksAndRejections (node:internal/process/task_queues:95:5) {
  "error": {
    "errno": -5,
    "code": "EIO",
    "syscall": "write"
  },
  "stack": "Error: write EIO\n    at afterWriteDispatched (node:internal/stream_base_commons:160:15)\n    at writeGeneric (node:internal/stream_base_commons:151:3)\n    at WriteStream.Socket._writeGeneric (node:net:923:11)\n    at WriteStream.Socket._write (node:net:935:8)\n    at writeOrBuffer (node:internal/streams/writable:392:12)\n    at _write (node:internal/streams/writable:333:10)\n    at WriteStream.Writable.write (node:internal/streams/writable:337:10)\n    at console.value (node:internal/console/constructor:300:16)\n    at console.log (node:internal/console/constructor:377:26)\n    at /home/ditsdev125/Desktop/Ecomm_Website_for_Book_Shopping/products/src/config/db.config.ts:32:15\n    at propagateAslWrapper (/home/ditsdev125/Desktop/Ecomm_Website_for_Book_Shopping/products/node_modules/async-listener/index.js:504:23)\n    at /home/ditsdev125/Desktop/Ecomm_Website_for_Book_Shopping/products/node_modules/async-listener/index.js:541:70\n    at processTicksAndRejections (node:internal/process/task_queues:95:5)",
  "exception": true,
  "date": "Mon May 13 2024 13:51:32 GMT+0530 (India Standard Time)",
  "process": {
    "pid": 86945,
    "uid": 1000,
    "gid": 1000,
    "cwd": "/home/ditsdev125/Desktop/Ecomm_Website_for_Book_Shopping/products",
    "execPath": "/home/ditsdev125/.nvm/versions/node/v18.13.0/bin/node",
    "version": "v18.13.0",
    "argv": [
      "/home/ditsdev125/Desktop/Ecomm_Website_for_Book_Shopping/products/node_modules/.bin/ts-node",
      "/home/ditsdev125/Desktop/Ecomm_Website_for_Book_Shopping/products/index.ts"
    ],
    "memoryUsage": {
      "rss": 365797376,
      "heapTotal": 270761984,
      "heapUsed": 243624616,
      "external": 21838643,
      "arrayBuffers": 20334824
    }
  },
  "os": {
    "loadavg": [
      1.34,
      1.51,
      1.3
    ],
    "uptime": 52167.21
  },
  "trace": [
    {
      "column": 15,
      "file": "node:internal/stream_base_commons",
      "function": "afterWriteDispatched",
      "line": 160,
      "method": null,
      "native": false
    },
    {
      "column": 3,
      "file": "node:internal/stream_base_commons",
      "function": "writeGeneric",
      "line": 151,
      "method": null,
      "native": false
    },
    {
      "column": 11,
      "file": "node:net",
      "function": "WriteStream.Socket._writeGeneric",
      "line": 923,
      "method": "_writeGeneric",
      "native": false
    },
    {
      "column": 8,
      "file": "node:net",
      "function": "WriteStream.Socket._write",
      "line": 935,
      "method": "_write",
      "native": false
    },
    {
      "column": 12,
      "file": "node:internal/streams/writable",
      "function": "writeOrBuffer",
      "line": 392,
      "method": null,
      "native": false
    },
    {
      "column": 10,
      "file": "node:internal/streams/writable",
      "function": "_write",
      "line": 333,
      "method": null,
      "native": false
    },
    {
      "column": 10,
      "file": "node:internal/streams/writable",
      "function": "WriteStream.Writable.write",
      "line": 337,
      "method": "write",
      "native": false
    },
    {
      "column": 16,
      "file": "node:internal/console/constructor",
      "function": "console.value",
      "line": 300,
      "method": "value",
      "native": false
    },
    {
      "column": 26,
      "file": "node:internal/console/constructor",
      "function": "console.log",
      "line": 377,
      "method": "log",
      "native": false
    },
    {
      "column": 15,
      "file": "/home/ditsdev125/Desktop/Ecomm_Website_for_Book_Shopping/products/src/config/db.config.ts",
      "function": null,
      "line": 32,
      "method": null,
      "native": false
    },
    {
      "column": 23,
      "file": "/home/ditsdev125/Desktop/Ecomm_Website_for_Book_Shopping/products/node_modules/async-listener/index.js",
      "function": "propagateAslWrapper",
      "line": 504,
      "method": null,
      "native": false
    },
    {
      "column": 70,
      "file": "/home/ditsdev125/Desktop/Ecomm_Website_for_Book_Shopping/products/node_modules/async-listener/index.js",
      "function": null,
      "line": 541,
      "method": null,
      "native": false
    },
    {
      "column": 5,
      "file": "node:internal/process/task_queues",
      "function": "processTicksAndRejections",
      "line": 95,
      "method": null,
      "native": false
    }
  ]
}
2024-05-13 08:21:32 - TGeeKGp0hPrWAJiFk6w6q - error: uncaughtException: write EIO
Error: write EIO
    at afterWriteDispatched (node:internal/stream_base_commons:160:15)
    at writeGeneric (node:internal/stream_base_commons:151:3)
    at WriteStream.Socket._writeGeneric (node:net:923:11)
    at WriteStream.Socket._write (node:net:935:8)
    at writeOrBuffer (node:internal/streams/writable:392:12)
    at _write (node:internal/streams/writable:333:10)
    at WriteStream.Writable.write (node:internal/streams/writable:337:10)
    at console.value (node:internal/console/constructor:300:16)
    at console.log (node:internal/console/constructor:377:26)
    at /home/ditsdev125/Desktop/Ecomm_Website_for_Book_Shopping/products/src/redis/index.ts:20:15
    at Generator.next (<anonymous>)
    at /home/ditsdev125/Desktop/Ecomm_Website_for_Book_Shopping/products/src/redis/index.ts:8:71
    at new WrappedPromise (/home/ditsdev125/Desktop/Ecomm_Website_for_Book_Shopping/products/node_modules/async-listener/es6-wrapped-promise.js:13:18)
    at __awaiter (/home/ditsdev125/Desktop/Ecomm_Website_for_Book_Shopping/products/src/redis/index.ts:4:12)
    at EventEmitter.<anonymous> (/home/ditsdev125/Desktop/Ecomm_Website_for_Book_Shopping/products/src/redis/index.ts:17:60)
    at EventEmitter.emit (node:events:513:28) {
  "error": {
    "errno": -5,
    "code": "EIO",
    "syscall": "write"
  },
  "stack": "Error: write EIO\n    at afterWriteDispatched (node:internal/stream_base_commons:160:15)\n    at writeGeneric (node:internal/stream_base_commons:151:3)\n    at WriteStream.Socket._writeGeneric (node:net:923:11)\n    at WriteStream.Socket._write (node:net:935:8)\n    at writeOrBuffer (node:internal/streams/writable:392:12)\n    at _write (node:internal/streams/writable:333:10)\n    at WriteStream.Writable.write (node:internal/streams/writable:337:10)\n    at console.value (node:internal/console/constructor:300:16)\n    at console.log (node:internal/console/constructor:377:26)\n    at /home/ditsdev125/Desktop/Ecomm_Website_for_Book_Shopping/products/src/redis/index.ts:20:15\n    at Generator.next (<anonymous>)\n    at /home/ditsdev125/Desktop/Ecomm_Website_for_Book_Shopping/products/src/redis/index.ts:8:71\n    at new WrappedPromise (/home/ditsdev125/Desktop/Ecomm_Website_for_Book_Shopping/products/node_modules/async-listener/es6-wrapped-promise.js:13:18)\n    at __awaiter (/home/ditsdev125/Desktop/Ecomm_Website_for_Book_Shopping/products/src/redis/index.ts:4:12)\n    at EventEmitter.<anonymous> (/home/ditsdev125/Desktop/Ecomm_Website_for_Book_Shopping/products/src/redis/index.ts:17:60)\n    at EventEmitter.emit (node:events:513:28)",
  "exception": true,
  "date": "Mon May 13 2024 13:51:32 GMT+0530 (India Standard Time)",
  "process": {
    "pid": 86945,
    "uid": 1000,
    "gid": 1000,
    "cwd": "/home/ditsdev125/Desktop/Ecomm_Website_for_Book_Shopping/products",
    "execPath": "/home/ditsdev125/.nvm/versions/node/v18.13.0/bin/node",
    "version": "v18.13.0",
    "argv": [
      "/home/ditsdev125/Desktop/Ecomm_Website_for_Book_Shopping/products/node_modules/.bin/ts-node",
      "/home/ditsdev125/Desktop/Ecomm_Website_for_Book_Shopping/products/index.ts"
    ],
    "memoryUsage": {
      "rss": 366395392,
      "heapTotal": 271024128,
      "heapUsed": 244886192,
      "external": 21884747,
      "arrayBuffers": 20380928
    }
  },
  "os": {
    "loadavg": [
      1.34,
      1.51,
      1.3
    ],
    "uptime": 52167.38
  },
  "trace": [
    {
      "column": 15,
      "file": "node:internal/stream_base_commons",
      "function": "afterWriteDispatched",
      "line": 160,
      "method": null,
      "native": false
    },
    {
      "column": 3,
      "file": "node:internal/stream_base_commons",
      "function": "writeGeneric",
      "line": 151,
      "method": null,
      "native": false
    },
    {
      "column": 11,
      "file": "node:net",
      "function": "WriteStream.Socket._writeGeneric",
      "line": 923,
      "method": "_writeGeneric",
      "native": false
    },
    {
      "column": 8,
      "file": "node:net",
      "function": "WriteStream.Socket._write",
      "line": 935,
      "method": "_write",
      "native": false
    },
    {
      "column": 12,
      "file": "node:internal/streams/writable",
      "function": "writeOrBuffer",
      "line": 392,
      "method": null,
      "native": false
    },
    {
      "column": 10,
      "file": "node:internal/streams/writable",
      "function": "_write",
      "line": 333,
      "method": null,
      "native": false
    },
    {
      "column": 10,
      "file": "node:internal/streams/writable",
      "function": "WriteStream.Writable.write",
      "line": 337,
      "method": "write",
      "native": false
    },
    {
      "column": 16,
      "file": "node:internal/console/constructor",
      "function": "console.value",
      "line": 300,
      "method": "value",
      "native": false
    },
    {
      "column": 26,
      "file": "node:internal/console/constructor",
      "function": "console.log",
      "line": 377,
      "method": "log",
      "native": false
    },
    {
      "column": 15,
      "file": "/home/ditsdev125/Desktop/Ecomm_Website_for_Book_Shopping/products/src/redis/index.ts",
      "function": null,
      "line": 20,
      "method": null,
      "native": false
    },
    {
      "column": null,
      "file": null,
      "function": "Generator.next",
      "line": null,
      "method": "next",
      "native": false
    },
    {
      "column": 71,
      "file": "/home/ditsdev125/Desktop/Ecomm_Website_for_Book_Shopping/products/src/redis/index.ts",
      "function": null,
      "line": 8,
      "method": null,
      "native": false
    },
    {
      "column": 18,
      "file": "/home/ditsdev125/Desktop/Ecomm_Website_for_Book_Shopping/products/node_modules/async-listener/es6-wrapped-promise.js",
      "function": "new WrappedPromise",
      "line": 13,
      "method": null,
      "native": false
    },
    {
      "column": 12,
      "file": "/home/ditsdev125/Desktop/Ecomm_Website_for_Book_Shopping/products/src/redis/index.ts",
      "function": "__awaiter",
      "line": 4,
      "method": null,
      "native": false
    },
    {
      "column": 60,
      "file": "/home/ditsdev125/Desktop/Ecomm_Website_for_Book_Shopping/products/src/redis/index.ts",
      "function": null,
      "line": 17,
      "method": null,
      "native": false
    },
    {
      "column": 28,
      "file": "node:events",
      "function": "EventEmitter.emit",
      "line": 513,
      "method": "emit",
      "native": false
    }
  ]
}
2024-05-13 08:21:32 - un3081B4-Vwxex9O8UfIx - error: uncaughtException: write EIO
Error: write EIO
    at afterWriteDispatched (node:internal/stream_base_commons:160:15)
    at writeGeneric (node:internal/stream_base_commons:151:3)
    at WriteStream.Socket._writeGeneric (node:net:923:11)
    at WriteStream.Socket._write (node:net:935:8)
    at writeOrBuffer (node:internal/streams/writable:392:12)
    at _write (node:internal/streams/writable:333:10)
    at WriteStream.Writable.write (node:internal/streams/writable:337:10)
    at console.value (node:internal/console/constructor:300:16)
    at console.warn (node:internal/console/constructor:382:26)
    at Function.<anonymous> (/home/ditsdev125/Desktop/Ecomm_Website_for_Book_Shopping/products/src/services/products.services.ts:189:19)
    at Generator.next (<anonymous>)
    at /home/ditsdev125/Desktop/Ecomm_Website_for_Book_Shopping/products/src/services/products.services.ts:8:71
    at new WrappedPromise (/home/ditsdev125/Desktop/Ecomm_Website_for_Book_Shopping/products/node_modules/async-listener/es6-wrapped-promise.js:13:18)
    at __awaiter (/home/ditsdev125/Desktop/Ecomm_Website_for_Book_Shopping/products/src/services/products.services.ts:4:12)
    at Function.subscribeToMessages (/home/ditsdev125/Desktop/Ecomm_Website_for_Book_Shopping/products/src/services/products.services.ts:197:16)
    at /home/ditsdev125/Desktop/Ecomm_Website_for_Book_Shopping/products/src/redis/index.ts:21:27 {
  "error": {
    "errno": -5,
    "code": "EIO",
    "syscall": "write"
  },
  "stack": "Error: write EIO\n    at afterWriteDispatched (node:internal/stream_base_commons:160:15)\n    at writeGeneric (node:internal/stream_base_commons:151:3)\n    at WriteStream.Socket._writeGeneric (node:net:923:11)\n    at WriteStream.Socket._write (node:net:935:8)\n    at writeOrBuffer (node:internal/streams/writable:392:12)\n    at _write (node:internal/streams/writable:333:10)\n    at WriteStream.Writable.write (node:internal/streams/writable:337:10)\n    at console.value (node:internal/console/constructor:300:16)\n    at console.warn (node:internal/console/constructor:382:26)\n    at Function.<anonymous> (/home/ditsdev125/Desktop/Ecomm_Website_for_Book_Shopping/products/src/services/products.services.ts:189:19)\n    at Generator.next (<anonymous>)\n    at /home/ditsdev125/Desktop/Ecomm_Website_for_Book_Shopping/products/src/services/products.services.ts:8:71\n    at new WrappedPromise (/home/ditsdev125/Desktop/Ecomm_Website_for_Book_Shopping/products/node_modules/async-listener/es6-wrapped-promise.js:13:18)\n    at __awaiter (/home/ditsdev125/Desktop/Ecomm_Website_for_Book_Shopping/products/src/services/products.services.ts:4:12)\n    at Function.subscribeToMessages (/home/ditsdev125/Desktop/Ecomm_Website_for_Book_Shopping/products/src/services/products.services.ts:197:16)\n    at /home/ditsdev125/Desktop/Ecomm_Website_for_Book_Shopping/products/src/redis/index.ts:21:27",
  "exception": true,
  "date": "Mon May 13 2024 13:51:32 GMT+0530 (India Standard Time)",
  "process": {
    "pid": 86945,
    "uid": 1000,
    "gid": 1000,
    "cwd": "/home/ditsdev125/Desktop/Ecomm_Website_for_Book_Shopping/products",
    "execPath": "/home/ditsdev125/.nvm/versions/node/v18.13.0/bin/node",
    "version": "v18.13.0",
    "argv": [
      "/home/ditsdev125/Desktop/Ecomm_Website_for_Book_Shopping/products/node_modules/.bin/ts-node",
      "/home/ditsdev125/Desktop/Ecomm_Website_for_Book_Shopping/products/index.ts"
    ],
    "memoryUsage": {
      "rss": 366395392,
      "heapTotal": 271024128,
      "heapUsed": 245010960,
      "external": 21898417,
      "arrayBuffers": 20394598
    }
  },
  "os": {
    "loadavg": [
      1.34,
      1.51,
      1.3
    ],
    "uptime": 52167.38
  },
  "trace": [
    {
      "column": 15,
      "file": "node:internal/stream_base_commons",
      "function": "afterWriteDispatched",
      "line": 160,
      "method": null,
      "native": false
    },
    {
      "column": 3,
      "file": "node:internal/stream_base_commons",
      "function": "writeGeneric",
      "line": 151,
      "method": null,
      "native": false
    },
    {
      "column": 11,
      "file": "node:net",
      "function": "WriteStream.Socket._writeGeneric",
      "line": 923,
      "method": "_writeGeneric",
      "native": false
    },
    {
      "column": 8,
      "file": "node:net",
      "function": "WriteStream.Socket._write",
      "line": 935,
      "method": "_write",
      "native": false
    },
    {
      "column": 12,
      "file": "node:internal/streams/writable",
      "function": "writeOrBuffer",
      "line": 392,
      "method": null,
      "native": false
    },
    {
      "column": 10,
      "file": "node:internal/streams/writable",
      "function": "_write",
      "line": 333,
      "method": null,
      "native": false
    },
    {
      "column": 10,
      "file": "node:internal/streams/writable",
      "function": "WriteStream.Writable.write",
      "line": 337,
      "method": "write",
      "native": false
    },
    {
      "column": 16,
      "file": "node:internal/console/constructor",
      "function": "console.value",
      "line": 300,
      "method": "value",
      "native": false
    },
    {
      "column": 26,
      "file": "node:internal/console/constructor",
      "function": "console.warn",
      "line": 382,
      "method": "warn",
      "native": false
    },
    {
      "column": 19,
      "file": "/home/ditsdev125/Desktop/Ecomm_Website_for_Book_Shopping/products/src/services/products.services.ts",
      "function": null,
      "line": 189,
      "method": null,
      "native": false
    },
    {
      "column": null,
      "file": null,
      "function": "Generator.next",
      "line": null,
      "method": "next",
      "native": false
    },
    {
      "column": 71,
      "file": "/home/ditsdev125/Desktop/Ecomm_Website_for_Book_Shopping/products/src/services/products.services.ts",
      "function": null,
      "line": 8,
      "method": null,
      "native": false
    },
    {
      "column": 18,
      "file": "/home/ditsdev125/Desktop/Ecomm_Website_for_Book_Shopping/products/node_modules/async-listener/es6-wrapped-promise.js",
      "function": "new WrappedPromise",
      "line": 13,
      "method": null,
      "native": false
    },
    {
      "column": 12,
      "file": "/home/ditsdev125/Desktop/Ecomm_Website_for_Book_Shopping/products/src/services/products.services.ts",
      "function": "__awaiter",
      "line": 4,
      "method": null,
      "native": false
    },
    {
      "column": 16,
      "file": "/home/ditsdev125/Desktop/Ecomm_Website_for_Book_Shopping/products/src/services/products.services.ts",
      "function": "Function.subscribeToMessages",
      "line": 197,
      "method": "subscribeToMessages",
      "native": false
    },
    {
      "column": 27,
      "file": "/home/ditsdev125/Desktop/Ecomm_Website_for_Book_Shopping/products/src/redis/index.ts",
      "function": null,
      "line": 21,
      "method": null,
      "native": false
    }
  ]
}
